<?xml version="1.0" encoding="UTF-8"?>
<testng-results skipped="0" failed="1" ignored="0" total="2" passed="1">
  <reporter-output>
  </reporter-output>
  <suite name="Command line suite" duration-ms="71751" started-at="2018-03-07T00:12:48Z" finished-at="2018-03-07T00:14:00Z">
    <groups>
    </groups>
    <test name="Command line test" duration-ms="71751" started-at="2018-03-07T00:12:48Z" finished-at="2018-03-07T00:14:00Z">
      <class name="com.softvision.project.FreeCRMTest">
        <test-method status="PASS" signature="setExtent()[pri:0, instance:com.softvision.project.FreeCRMTest@2cb4c3ab]" name="setExtent" is-config="true" duration-ms="396" started-at="2018-03-07T00:12:48Z" finished-at="2018-03-07T00:12:49Z">
          <reporter-output>
          </reporter-output>
        </test-method> <!-- setExtent -->
        <test-method status="PASS" signature="setup()[pri:0, instance:com.softvision.project.FreeCRMTest@2cb4c3ab]" name="setup" is-config="true" duration-ms="54181" started-at="2018-03-07T00:12:49Z" finished-at="2018-03-07T00:13:43Z">
          <reporter-output>
          </reporter-output>
        </test-method> <!-- setup -->
        <test-method status="FAIL" signature="freeCrmTitleTest()[pri:0, instance:com.softvision.project.FreeCRMTest@2cb4c3ab]" name="freeCrmTitleTest" duration-ms="35" started-at="2018-03-07T00:13:43Z" finished-at="2018-03-07T00:13:43Z">
          <exception class="java.lang.AssertionError">
            <message>
              <![CDATA[expected:<#1 Free CRM for Any Business: Online Customer Relationship Software> but was:<hi>]]>
            </message>
            <full-stacktrace>
              <![CDATA[java.lang.AssertionError: expected:<#1 Free CRM for Any Business: Online Customer Relationship Software> but was:<hi>
at org.testng.AssertJUnit.assertEquals(AssertJUnit.java:101)
at org.testng.AssertJUnit.assertEquals(AssertJUnit.java:108)
at com.softvision.project.FreeCRMTest.freeCrmTitleTest(FreeCRMTest.java:85)
at sun.reflect.NativeMethodAccessorImpl.invoke0(Native Method)
at sun.reflect.NativeMethodAccessorImpl.invoke(Unknown Source)
at sun.reflect.DelegatingMethodAccessorImpl.invoke(Unknown Source)
at java.lang.reflect.Method.invoke(Unknown Source)
at org.testng.internal.MethodInvocationHelper.invokeMethod(MethodInvocationHelper.java:124)
at org.testng.internal.Invoker.invokeMethod(Invoker.java:580)
at org.testng.internal.Invoker.invokeTestMethod(Invoker.java:716)
at org.testng.internal.Invoker.invokeTestMethods(Invoker.java:988)
at org.testng.internal.TestMethodWorker.invokeTestMethods(TestMethodWorker.java:125)
at org.testng.internal.TestMethodWorker.run(TestMethodWorker.java:109)
at org.testng.TestRunner.privateRun(TestRunner.java:648)
at org.testng.TestRunner.run(TestRunner.java:505)
at org.testng.SuiteRunner.runTest(SuiteRunner.java:455)
at org.testng.SuiteRunner.runSequentially(SuiteRunner.java:450)
at org.testng.SuiteRunner.privateRun(SuiteRunner.java:415)
at org.testng.SuiteRunner.run(SuiteRunner.java:364)
at org.testng.SuiteRunnerWorker.runSuite(SuiteRunnerWorker.java:52)
at org.testng.SuiteRunnerWorker.run(SuiteRunnerWorker.java:84)
at org.testng.TestNG.runSuitesSequentially(TestNG.java:1208)
at org.testng.TestNG.runSuitesLocally(TestNG.java:1137)
at org.testng.TestNG.runSuites(TestNG.java:1049)
at org.testng.TestNG.run(TestNG.java:1017)
at org.apache.maven.surefire.testng.TestNGExecutor.run(TestNGExecutor.java:77)
at org.apache.maven.surefire.testng.TestNGDirectoryTestSuite.executeMulti(TestNGDirectoryTestSuite.java:159)
at org.apache.maven.surefire.testng.TestNGDirectoryTestSuite.execute(TestNGDirectoryTestSuite.java:99)
at org.apache.maven.surefire.testng.TestNGProvider.invoke(TestNGProvider.java:106)
at sun.reflect.NativeMethodAccessorImpl.invoke0(Native Method)
at sun.reflect.NativeMethodAccessorImpl.invoke(Unknown Source)
at sun.reflect.DelegatingMethodAccessorImpl.invoke(Unknown Source)
at java.lang.reflect.Method.invoke(Unknown Source)
at org.apache.maven.surefire.util.ReflectionUtils.invokeMethodWithArray(ReflectionUtils.java:189)
at org.apache.maven.surefire.booter.ProviderFactory$ProviderProxy.invoke(ProviderFactory.java:165)
at org.apache.maven.surefire.booter.ProviderFactory.invokeProvider(ProviderFactory.java:85)
at org.apache.maven.surefire.booter.ForkedBooter.runSuitesInProcess(ForkedBooter.java:115)
at org.apache.maven.surefire.booter.ForkedBooter.main(ForkedBooter.java:75)
]]>
            </full-stacktrace>
          </exception> <!-- java.lang.AssertionError -->
          <reporter-output>
          </reporter-output>
        </test-method> <!-- freeCrmTitleTest -->
        <test-method status="PASS" signature="tearDown(org.testng.ITestResult)[pri:0, instance:com.softvision.project.FreeCRMTest@2cb4c3ab]" name="tearDown" is-config="true" duration-ms="14525" started-at="2018-03-07T00:13:44Z" finished-at="2018-03-07T00:13:59Z">
          <params>
            <param index="0">
              <value>
                <![CDATA[[TestResult name=freeCrmTitleTest status=FAILURE method=FreeCRMTest.freeCrmTitleTest()[pri:0, instance:com.softvision.project.FreeCRMTest@2cb4c3ab] output={null}]]]>
              </value>
            </param>
          </params>
          <reporter-output>
          </reporter-output>
        </test-method> <!-- tearDown -->
        <test-method status="PASS" signature="endReport()[pri:0, instance:com.softvision.project.FreeCRMTest@2cb4c3ab]" name="endReport" is-config="true" duration-ms="406" started-at="2018-03-07T00:13:59Z" finished-at="2018-03-07T00:14:00Z">
          <reporter-output>
          </reporter-output>
        </test-method> <!-- endReport -->
      </class> <!-- com.softvision.project.FreeCRMTest -->
      <class name="com.softvision.project.TestClass1">
        <test-method status="PASS" signature="add()[pri:0, instance:com.softvision.project.TestClass1@13c78c0b]" name="add" duration-ms="278" started-at="2018-03-07T00:13:59Z" finished-at="2018-03-07T00:13:59Z">
          <reporter-output>
          </reporter-output>
        </test-method> <!-- add -->
      </class> <!-- com.softvision.project.TestClass1 -->
    </test> <!-- Command line test -->
  </suite> <!-- Command line suite -->
</testng-results>
