<?xml version="1.0" encoding="UTF-8"?>
<!-- Generated by org.testng.reporters.JUnitReportReporter -->
<testsuite skipped="2" hostname="LAPTOP-22IB8IBB" name="com.softvision.xmlparameters.TC_003_YahooExtentREPORT" tests="3" failures="0" timestamp="09 Mar 2018 10:18:17 GMT" time="0.000" errors="1">
  <testcase name="TitleTest1" time="0.000" classname="com.softvision.xmlparameters.TC_003_YahooExtentREPORT">
    <skipped/>
  </testcase> <!-- TitleTest1 -->
  <testcase name="TitleTest2" time="0.000" classname="com.softvision.xmlparameters.TC_003_YahooExtentREPORT">
    <skipped/>
  </testcase> <!-- TitleTest2 -->
  <testcase name="setExtent" time="0.000" classname="com.softvision.xmlparameters.TC_003_YahooExtentREPORT">
    <error type="org.testng.TestNGException" message="
Parameter &#039;hostvalue &#039; is required by BeforeTest on method setExtent but has not been marked @Optional or defined
in C:\Users\Prathibha Heggodu\Desktop\Prathibha-Project\Softvision\TC_001_ResponseCode.xml">
      <![CDATA[org.testng.TestNGException: 
Parameter 'hostvalue ' is required by BeforeTest on method setExtent but has not been marked @Optional or defined
in C:\Users\Prathibha Heggodu\Desktop\Prathibha-Project\Softvision\TC_001_ResponseCode.xml
at org.testng.internal.Parameters.createParams(Parameters.java:290)
at org.testng.internal.Parameters.createParametersForMethod(Parameters.java:359)
at org.testng.internal.Parameters.createParameters(Parameters.java:620)
at org.testng.internal.Parameters.createConfigurationParameters(Parameters.java:190)
at org.testng.internal.Invoker.invokeConfigurations(Invoker.java:209)
at org.testng.internal.Invoker.invokeConfigurations(Invoker.java:142)
at org.testng.TestRunner.beforeRun(TestRunner.java:529)
at org.testng.TestRunner.run(TestRunner.java:497)
at org.testng.SuiteRunner.runTest(SuiteRunner.java:455)
at org.testng.SuiteRunner.runSequentially(SuiteRunner.java:450)
at org.testng.SuiteRunner.privateRun(SuiteRunner.java:415)
at org.testng.SuiteRunner.run(SuiteRunner.java:364)
at org.testng.SuiteRunnerWorker.runSuite(SuiteRunnerWorker.java:52)
at org.testng.SuiteRunnerWorker.run(SuiteRunnerWorker.java:84)
at org.testng.TestNG.runSuitesSequentially(TestNG.java:1208)
at org.testng.TestNG.runSuitesLocally(TestNG.java:1137)
at org.testng.TestNG.runSuites(TestNG.java:1049)
at org.testng.TestNG.run(TestNG.java:1017)
at org.testng.remote.AbstractRemoteTestNG.run(AbstractRemoteTestNG.java:114)
at org.testng.remote.RemoteTestNG.initAndRun(RemoteTestNG.java:251)
at org.testng.remote.RemoteTestNG.main(RemoteTestNG.java:77)
]]>
    </error>
  </testcase> <!-- setExtent -->
</testsuite> <!-- com.softvision.xmlparameters.TC_003_YahooExtentREPORT -->
